<?xml version="1.0" encoding="UTF-8"?>
<testng-results ignored="0" total="1" passed="1" failed="0" skipped="0">
  <reporter-output>
  </reporter-output>
  <suite started-at="2024-02-28T00:21:25 IST" name="Default suite" finished-at="2024-02-28T00:21:58 IST" duration-ms="32562">
    <groups>
    </groups>
    <test started-at="2024-02-28T00:21:25 IST" name="Default test" finished-at="2024-02-28T00:21:58 IST" duration-ms="32562">
      <class name="com.flipkart.automation.FlipkartOrderAutomation">
        <test-method is-config="true" signature="setUpWebDriver()[pri:0, instance:com.flipkart.automation.FlipkartOrderAutomation@75d3a5e0]" started-at="2024-02-28T00:21:26 IST" name="setUpWebDriver" finished-at="2024-02-28T00:21:28 IST" duration-ms="2734" status="PASS">
          <reporter-output>
          </reporter-output>
        </test-method> <!-- setUpWebDriver -->
        <test-method signature="TC_001_testCompleteOrderProcess()[pri:0, instance:com.flipkart.automation.FlipkartOrderAutomation@75d3a5e0]" started-at="2024-02-28T00:21:28 IST" name="TC_001_testCompleteOrderProcess" finished-at="2024-02-28T00:21:58 IST" duration-ms="29383" status="PASS">
          <reporter-output>
          </reporter-output>
        </test-method> <!-- TC_001_testCompleteOrderProcess -->
        <test-method is-config="true" signature="tearDown()[pri:0, instance:com.flipkart.automation.FlipkartOrderAutomation@75d3a5e0]" started-at="2024-02-28T00:21:58 IST" name="tearDown" finished-at="2024-02-28T00:21:58 IST" duration-ms="358" status="PASS">
          <reporter-output>
          </reporter-output>
        </test-method> <!-- tearDown -->
      </class> <!-- com.flipkart.automation.FlipkartOrderAutomation -->
    </test> <!-- Default test -->
  </suite> <!-- Default suite -->
</testng-results>
